SF:lib\bottom_screens\cart_screen.dart
DA:8,4
DA:10,1
DA:12,1
DA:14,2
DA:15,1
DA:17,1
DA:19,1
DA:20,1
DA:21,1
DA:22,2
DA:38,1
DA:40,1
DA:41,1
DA:42,1
DA:43,1
DA:45,1
DA:46,0
DA:49,0
DA:51,0
DA:55,0
DA:56,0
DA:57,0
DA:58,0
DA:59,0
DA:74,0
DA:75,0
DA:80,0
DA:81,0
DA:85,0
DA:86,0
DA:87,0
DA:88,0
LF:32
LH:16
end_of_record
SF:lib\model\plants_model.dart
DA:7,9
LF:1
LH:1
end_of_record
SF:lib\provider\cart_items.dart
DA:9,8
DA:11,3
DA:12,6
DA:13,3
LF:4
LH:4
end_of_record
SF:lib\bottom_screens\favorite_screen.dart
DA:8,3
DA:9,1
DA:11,1
DA:13,1
DA:14,1
DA:15,1
DA:16,1
DA:18,1
DA:20,1
DA:21,1
DA:22,1
DA:23,2
DA:39,1
DA:42,2
DA:51,1
DA:52,2
DA:53,1
DA:55,2
DA:57,1
DA:58,2
DA:59,1
DA:61,1
DA:63,1
DA:65,1
DA:68,1
DA:69,1
DA:70,1
DA:71,1
DA:73,1
DA:74,2
DA:75,1
DA:76,1
DA:78,1
DA:84,1
DA:86,1
DA:87,1
DA:93,1
DA:96,1
DA:97,1
DA:102,1
DA:105,1
DA:107,1
DA:108,1
DA:109,1
LF:44
LH:44
end_of_record
SF:lib\image_detailed_screen\plants_detaied_screen.dart
DA:10,3
DA:12,3
DA:14,3
DA:16,3
DA:17,3
DA:18,3
DA:21,3
DA:22,3
DA:24,3
DA:26,3
DA:27,3
DA:28,1
DA:29,2
DA:32,3
DA:33,1
DA:38,3
DA:39,12
DA:40,3
DA:41,3
DA:42,3
DA:47,3
DA:49,3
DA:50,3
DA:57,3
DA:58,3
DA:59,3
LF:26
LH:26
end_of_record
SF:lib\image_detailed_screen\detailed_bootom_navigator_plants.dart
DA:11,8
DA:13,4
DA:16,1
DA:17,1
DA:18,1
DA:20,1
DA:22,1
DA:23,1
DA:24,2
DA:27,4
DA:32,4
DA:35,4
DA:37,4
DA:39,4
DA:40,4
DA:42,4
DA:44,4
DA:45,4
DA:47,4
DA:65,4
DA:67,4
DA:85,4
DA:87,4
DA:109,4
DA:111,4
DA:112,4
DA:115,4
DA:116,4
DA:121,4
DA:122,4
DA:129,4
DA:131,4
DA:134,4
DA:135,4
DA:136,4
LF:35
LH:35
end_of_record
SF:lib\home_screens\curved_buttom_navigation_bar.dart
DA:13,2
DA:15,2
DA:21,2
DA:23,2
DA:24,2
DA:25,4
DA:27,2
DA:28,2
DA:30,4
DA:33,2
DA:35,4
DA:36,2
DA:37,2
DA:40,2
DA:41,4
DA:47,2
DA:51,4
DA:52,4
DA:53,2
DA:54,0
DA:56,0
DA:57,0
DA:61,0
DA:70,4
DA:72,2
DA:75,2
DA:76,2
DA:77,4
DA:79,4
DA:80,6
DA:82,2
DA:83,0
DA:84,0
DA:85,0
DA:88,0
DA:99,0
DA:100,0
DA:101,0
DA:102,0
LF:39
LH:27
end_of_record
SF:lib\provider\search_plants_info.dart
DA:9,5
DA:10,10
DA:13,2
DA:14,4
DA:15,2
DA:16,10
DA:17,2
DA:18,12
DA:19,2
DA:23,1
DA:24,3
DA:29,4
DA:31,1
DA:32,2
DA:33,3
DA:34,5
DA:36,1
DA:39,2
DA:40,10
LF:19
LH:19
end_of_record
SF:lib\home_screens\home_page.dart
DA:7,3
DA:9,3
DA:10,3
DA:12,3
DA:13,3
DA:14,3
DA:15,3
DA:16,3
DA:18,3
DA:20,3
DA:21,3
DA:22,1
DA:23,1
DA:36,3
DA:38,3
DA:39,3
DA:40,3
DA:42,3
DA:46,3
DA:48,3
DA:49,3
DA:52,1
DA:53,1
DA:55,1
DA:57,3
DA:62,3
DA:63,3
DA:68,3
DA:77,3
DA:79,3
DA:83,3
DA:85,3
LF:32
LH:32
end_of_record
SF:lib\home_screens\straggered_grid_list.dart
DA:8,8
DA:10,4
DA:12,12
DA:17,4
DA:18,4
DA:25,4
DA:27,4
DA:28,4
DA:29,4
DA:37,8
DA:38,4
DA:39,8
DA:40,4
DA:41,4
DA:42,4
DA:43,12
DA:52,4
DA:53,4
DA:54,4
DA:56,4
DA:58,4
DA:60,4
DA:64,4
DA:67,4
DA:68,4
DA:69,1
DA:70,1
DA:72,1
DA:73,2
DA:74,1
DA:75,1
DA:77,4
DA:83,4
DA:84,4
DA:86,4
DA:93,4
DA:96,4
DA:98,4
DA:105,4
DA:108,4
DA:111,4
DA:112,4
DA:114,4
DA:119,4
DA:121,4
DA:122,1
DA:124,1
DA:125,1
DA:126,4
DA:128,4
DA:130,12
DA:135,12
DA:148,4
DA:149,4
LF:54
LH:54
end_of_record
SF:lib\model\plants_details.dart
DA:3,15
DA:4,5
DA:9,5
DA:14,5
DA:19,5
DA:24,5
DA:29,5
DA:34,5
DA:39,5
DA:44,5
DA:50,5
DA:56,5
LF:12
LH:12
end_of_record
SF:lib\provider\pageview_user_details_provider.dart
DA:7,4
DA:9,2
DA:10,2
DA:11,2
LF:4
LH:4
end_of_record
SF:lib\consts\list_of_price_title.dart
DA:1,0
DA:14,3
DA:23,0
LF:3
LH:1
end_of_record
SF:lib\starting_page\intro_page.dart
DA:12,2
DA:14,1
DA:16,1
DA:17,1
DA:18,1
DA:19,1
DA:20,1
DA:22,3
DA:24,1
DA:26,2
DA:28,1
DA:29,0
DA:30,0
DA:32,0
DA:34,1
DA:36,1
DA:38,2
DA:49,1
DA:51,1
DA:52,1
DA:53,1
DA:55,1
DA:56,2
DA:70,1
DA:72,1
DA:75,1
DA:79,1
DA:80,1
DA:82,2
DA:84,1
DA:85,1
DA:86,1
DA:88,1
DA:93,1
DA:94,1
DA:99,1
DA:100,1
DA:103,1
DA:129,1
DA:130,1
DA:132,1
DA:133,1
DA:134,1
DA:136,1
DA:137,2
LF:45
LH:42
end_of_record
